<?xml version="1.0" encoding="UTF-8"?>
<testng-results ignored="0" total="1" passed="1" failed="0" skipped="0">
  <reporter-output>
  </reporter-output>
  <suite started-at="2021-06-03T10:21:56 GMT-04:00" name="Extent Demo" finished-at="2021-06-03T10:22:08 GMT-04:00" duration-ms="11484">
    <groups>
    </groups>
    <test started-at="2021-06-03T10:21:56 GMT-04:00" name="Basic Test" finished-at="2021-06-03T10:22:08 GMT-04:00" duration-ms="11484">
      <class name="extentBasic.ExtentDemo">
        <test-method is-config="true" signature="config()[pri:0, instance:extentBasic.ExtentDemo@fba92d3]" started-at="2021-06-03T10:21:56 GMT-04:00" name="config" finished-at="2021-06-03T10:21:57 GMT-04:00" duration-ms="501" status="PASS">
          <reporter-output>
          </reporter-output>
        </test-method> <!-- config -->
        <test-method signature="initialDemo()[pri:0, instance:extentBasic.ExtentDemo@fba92d3]" started-at="2021-06-03T10:21:57 GMT-04:00" name="initialDemo" finished-at="2021-06-03T10:22:08 GMT-04:00" duration-ms="10930" status="PASS">
          <reporter-output>
          </reporter-output>
        </test-method> <!-- initialDemo -->
      </class> <!-- extentBasic.ExtentDemo -->
    </test> <!-- Basic Test -->
  </suite> <!-- Extent Demo -->
</testng-results>
